{"level":"info","message":"Post service is running on port 3002","service":"post-service","timestamp":"2025-06-22T12:57:36.895Z"}
{"level":"info","message":"Connected to mongodb","service":"post-service","timestamp":"2025-06-22T12:57:36.922Z"}
{"level":"info","message":"Post service is running on port 3002","service":"post-service","timestamp":"2025-06-23T06:02:34.662Z"}
{"level":"info","message":"Connected to mongodb","service":"post-service","timestamp":"2025-06-23T06:02:34.707Z"}
{"level":"info","message":"Received GET request to /api/posts/create-post","service":"post-service","timestamp":"2025-06-23T06:05:14.955Z"}
{"level":"info","message":"Request body, [object Object]","service":"post-service","timestamp":"2025-06-23T06:05:14.956Z"}
{"level":"info","message":"Received POST request to /api/posts/create-post","service":"post-service","timestamp":"2025-06-23T06:06:31.046Z"}
{"level":"info","message":"Request body, [object Object]","service":"post-service","timestamp":"2025-06-23T06:06:31.046Z"}
{"level":"error","message":"ReferenceError: error is not defined\n    at createPost (/home/devops/Documents/project/nodeJS_microservice/project/post-service/src/controllers/post-controller.js:21:45)\n    at process.processTicksAndRejections (node:internal/process/task_queues:105:5)","service":"post-service","timestamp":"2025-06-23T06:06:31.064Z"}
{"level":"info","message":"Post service is running on port 3002","service":"post-service","timestamp":"2025-06-23T06:07:19.531Z"}
{"level":"info","message":"Connected to mongodb","service":"post-service","timestamp":"2025-06-23T06:07:19.593Z"}
{"level":"info","message":"Post service is running on port 3002","service":"post-service","timestamp":"2025-06-23T06:07:51.802Z"}
{"level":"info","message":"Connected to mongodb","service":"post-service","timestamp":"2025-06-23T06:07:51.855Z"}
{"level":"info","message":"Post service is running on port 3002","service":"post-service","timestamp":"2025-06-23T06:07:57.758Z"}
{"level":"info","message":"Connected to mongodb","service":"post-service","timestamp":"2025-06-23T06:07:57.815Z"}
{"level":"info","message":"Received POST request to /api/posts/create-post","service":"post-service","timestamp":"2025-06-23T06:07:59.861Z"}
{"level":"info","message":"Request body, [object Object]","service":"post-service","timestamp":"2025-06-23T06:07:59.862Z"}
{"_message":"Post validation failed","errors":{"content":{"kind":"required","message":"Path `content` is required.","name":"ValidatorError","path":"content","properties":{"message":"Path `content` is required.","path":"content","type":"required"}}},"level":"error","message":"Error creating post Post validation failed: content: Path `content` is required.","service":"post-service","stack":"ValidationError: Post validation failed: content: Path `content` is required.\n    at Document.invalidate (/home/devops/Documents/project/nodeJS_microservice/project/post-service/node_modules/mongoose/lib/document.js:3352:32)\n    at /home/devops/Documents/project/nodeJS_microservice/project/post-service/node_modules/mongoose/lib/document.js:3113:17\n    at /home/devops/Documents/project/nodeJS_microservice/project/post-service/node_modules/mongoose/lib/schemaType.js:1407:9\n    at process.processTicksAndRejections (node:internal/process/task_queues:85:11)","timestamp":"2025-06-23T06:07:59.886Z"}
{"level":"info","message":"Post service is running on port 3002","service":"post-service","timestamp":"2025-06-23T06:10:31.319Z"}
{"level":"info","message":"Connected to mongodb","service":"post-service","timestamp":"2025-06-23T06:10:31.373Z"}
{"level":"info","message":"Post service is running on port 3002","service":"post-service","timestamp":"2025-06-23T06:14:57.148Z"}
{"level":"info","message":"Connected to mongodb","service":"post-service","timestamp":"2025-06-23T06:14:57.213Z"}
{"level":"info","message":"Received POST request to /api/posts/create-post","service":"post-service","timestamp":"2025-06-23T06:15:14.092Z"}
{"level":"info","message":"Request body, [object Object]","service":"post-service","timestamp":"2025-06-23T06:15:14.100Z"}
{"level":"info","message":"create post endpoint hit...","service":"post-service","timestamp":"2025-06-23T06:15:14.105Z"}
{"0":"\"","1":"c","10":"i","11":"s","12":" ","13":"r","14":"e","15":"q","16":"u","17":"i","18":"r","19":"e","2":"o","20":"d","3":"n","4":"t","5":"e","6":"n","7":"t","8":"\"","9":" ","level":"warn","message":"Validation error","service":"post-service","timestamp":"2025-06-23T06:15:14.121Z"}
{"level":"info","message":"Received POST request to /api/posts/create-post","service":"post-service","timestamp":"2025-06-23T06:15:45.448Z"}
{"level":"info","message":"Request body, [object Object]","service":"post-service","timestamp":"2025-06-23T06:15:45.449Z"}
{"level":"info","message":"create post endpoint hit...","service":"post-service","timestamp":"2025-06-23T06:15:45.450Z"}
{"level":"info","message":"Received POST request to /api/posts/create-post","service":"post-service","timestamp":"2025-06-23T06:16:10.382Z"}
{"level":"info","message":"Request body, [object Object]","service":"post-service","timestamp":"2025-06-23T06:16:10.383Z"}
{"level":"info","message":"create post endpoint hit...","service":"post-service","timestamp":"2025-06-23T06:16:10.383Z"}
